<?xml version="1.0" encoding="UTF-8"?>
<testng-results ignored="0" total="1" passed="1" failed="0" skipped="0">
  <reporter-output>
  </reporter-output>
  <suite started-at="2022-08-05T09:40:43 IST" name="Default suite" finished-at="2022-08-05T09:40:48 IST" duration-ms="4999">
    <groups>
    </groups>
    <test started-at="2022-08-05T09:40:43 IST" name="Default test" finished-at="2022-08-05T09:40:48 IST" duration-ms="4999">
      <class name="com.Test.Test_1">
        <test-method is-config="true" signature="setup()[pri:0, instance:com.Test.Test_1@6580cfdd]" started-at="2022-08-05T09:40:43 IST" name="setup" finished-at="2022-08-05T09:40:47 IST" duration-ms="4484" status="PASS">
          <reporter-output>
          </reporter-output>
        </test-method> <!-- setup -->
        <test-method signature="Test_001()[pri:0, instance:com.Test.Test_1@6580cfdd]" started-at="2022-08-05T09:40:47 IST" name="Test_001" finished-at="2022-08-05T09:40:48 IST" duration-ms="290" status="PASS">
          <reporter-output>
          </reporter-output>
        </test-method> <!-- Test_001 -->
        <test-method is-config="true" signature="Tearsdow()[pri:0, instance:com.Test.Test_1@6580cfdd]" started-at="2022-08-05T09:40:48 IST" name="Tearsdow" finished-at="2022-08-05T09:40:48 IST" duration-ms="178" status="PASS">
          <reporter-output>
          </reporter-output>
        </test-method> <!-- Tearsdow -->
      </class> <!-- com.Test.Test_1 -->
    </test> <!-- Default test -->
  </suite> <!-- Default suite -->
</testng-results>
